<?xml version="1.0" encoding="UTF-8"?>
<coverage generated="1715110529422" clover="3.2.0">
  <project timestamp="1715110529422" name="All files">
    <metrics statements="23" coveredstatements="21" conditionals="4" coveredconditionals="3" methods="0" coveredmethods="0" elements="27" coveredelements="24" complexity="0" loc="23" ncloc="23" packages="1" files="1" classes="1"/>
    <file name="03-errorcount.js" path="C:\Users\cyber\Documents\GitHub\assignments\week-3\01-middlewares\03-errorcount.js">
      <metrics statements="23" coveredstatements="21" conditionals="4" coveredconditionals="3" methods="0" coveredmethods="0"/>
      <line num="1" count="1" type="stmt"/>
      <line num="2" count="1" type="stmt"/>
      <line num="3" count="1" type="stmt"/>
      <line num="4" count="1" type="stmt"/>
      <line num="5" count="1" type="stmt"/>
      <line num="6" count="1" type="cond" truecount="1" falsecount="0"/>
      <line num="7" count="11" type="cond" truecount="0" falsecount="1"/>
      <line num="8" count="0" type="stmt"/>
      <line num="9" count="1" type="stmt"/>
      <line num="10" count="1" type="stmt"/>
      <line num="11" count="1" type="stmt"/>
      <line num="12" count="0" type="stmt"/>
      <line num="13" count="1" type="stmt"/>
      <line num="14" count="1" type="stmt"/>
      <line num="15" count="1" type="cond" truecount="1" falsecount="0"/>
      <line num="16" count="2" type="stmt"/>
      <line num="17" count="1" type="stmt"/>
      <line num="18" count="1" type="stmt"/>
      <line num="19" count="1" type="cond" truecount="1" falsecount="0"/>
      <line num="20" count="11" type="stmt"/>
      <line num="21" count="11" type="stmt"/>
      <line num="22" count="11" type="stmt"/>
      <line num="23" count="1" type="stmt"/>
    </file>
  </project>
</coverage>
